{"numTotalTestSuites":96,"numPassedTestSuites":96,"numFailedTestSuites":0,"numPendingTestSuites":0,"numTotalTests":157,"numPassedTests":157,"numFailedTests":0,"numPendingTests":0,"numTodoTests":0,"startTime":1779876594364,"success":true,"testResults":[{"assertionResults":[{"ancestorTitles":["","AreaHighlightManagerComponent"],"fullName":" AreaHighlightManagerComponent selects a protected area region from a click hit test","status":"passed","title":"selects a protected area region from a click hit test","duration":13,"failureMessages":[]},{"ancestorTitles":["","AreaHighlightManagerComponent"],"fullName":" AreaHighlightManagerComponent opens a hover popup with dashboard popup content for designated areas","status":"passed","title":"opens a hover popup with dashboard popup content for designated areas","duration":54,"failureMessages":[]},{"ancestorTitles":["","AreaHighlightManagerComponent"],"fullName":" AreaHighlightManagerComponent uses province trend clicks to browse the dashboard and store clicked region","status":"passed","title":"uses province trend clicks to browse the dashboard and store clicked region","duration":2,"failureMessages":[]}],"startTime":1779876599040,"endTime":1779876599109,"status":"passed","message":"","name":"/Users/cm2895/git/mol-half-earth/half-earth-v3/src/components/AreaHighlightManager/area-highlight-manager-component.test.jsx"},{"assertionResults":[{"ancestorTitles":["","DashboardNavComponent"],"fullName":" DashboardNavComponent navigates to home and clears species context","status":"passed","title":"navigates to home and clears species context","duration":21,"failureMessages":[]},{"ancestorTitles":["","DashboardNavComponent"],"fullName":" DashboardNavComponent shows sub-navigation and keeps species context for species tabs","status":"passed","title":"shows sub-navigation and keeps species context for species tabs","duration":4,"failureMessages":[]},{"ancestorTitles":["","DashboardNavComponent"],"fullName":" DashboardNavComponent navigates through species, regions, trends and tutorials buttons","status":"passed","title":"navigates through species, regions, trends and tutorials buttons","duration":3,"failureMessages":[]},{"ancestorTitles":["","DashboardNavComponent"],"fullName":" DashboardNavComponent hides sub-navigation when selected index is outside species range","status":"passed","title":"hides sub-navigation when selected index is outside species range","duration":3,"failureMessages":[]},{"ancestorTitles":["","DashboardNavComponent"],"fullName":" DashboardNavComponent renders with light mode enabled","status":"passed","title":"renders with light mode enabled","duration":2,"failureMessages":[]}],"startTime":1779876601802,"endTime":1779876601835,"status":"passed","message":"","name":"/Users/cm2895/git/mol-half-earth/half-earth-v3/src/components/dashboard-nav/dashboard-nav-component.test.jsx"},{"assertionResults":[{"ancestorTitles":["","DashboardPopupComponent"],"fullName":" DashboardPopupComponent renders all popup rows and values","status":"passed","title":"renders all popup rows and values","duration":25,"failureMessages":[]}],"startTime":1779876616139,"endTime":1779876616164,"status":"passed","message":"","name":"/Users/cm2895/git/mol-half-earth/half-earth-v3/src/components/dashboard-popup/dashboard-popup-component.test.jsx"},{"assertionResults":[{"ancestorTitles":["","MapLegendContainer"],"fullName":" MapLegendContainer forwards props to the map legend component","status":"passed","title":"forwards props to the map legend component","duration":21,"failureMessages":[]}],"startTime":1779876616869,"endTime":1779876616890,"status":"passed","message":"","name":"/Users/cm2895/git/mol-half-earth/half-earth-v3/src/components/map-legend/index.test.jsx"},{"assertionResults":[{"ancestorTitles":["","MapLegendComponent"],"fullName":" MapLegendComponent deduplicates and orders legend layers from the map, and hides province arrows","status":"passed","title":"deduplicates and orders legend layers from the map, and hides province arrows","duration":30,"failureMessages":[]},{"ancestorTitles":["","MapLegendComponent"],"fullName":" MapLegendComponent moves legend layers up and down and syncs reordered layers back to state","status":"passed","title":"moves legend layers up and down and syncs reordered layers back to state","duration":14,"failureMessages":[]}],"startTime":1779876599638,"endTime":1779876599682,"status":"passed","message":"","name":"/Users/cm2895/git/mol-half-earth/half-earth-v3/src/components/map-legend/map-legend-component.test.jsx"},{"assertionResults":[{"ancestorTitles":["","SpeciesRichness"],"fullName":" SpeciesRichness renders the national SPI title and passes country scores to all arc charts","status":"passed","title":"renders the national SPI title and passes country scores to all arc charts","duration":21,"failureMessages":[]},{"ancestorTitles":["","SpeciesRichness"],"fullName":" SpeciesRichness renders province SHI title and uses province habitat index values","status":"passed","title":"renders province SHI title and uses province habitat index values","duration":3,"failureMessages":[]},{"ancestorTitles":["","SpeciesRichness"],"fullName":" SpeciesRichness renders province SII title and uses the selected province latest year data","status":"passed","title":"renders province SII title and uses the selected province latest year data","duration":2,"failureMessages":[]},{"ancestorTitles":["","SpeciesRichness"],"fullName":" SpeciesRichness uses zone data for accepted SPI zone trends when a province is selected","status":"passed","title":"uses zone data for accepted SPI zone trends when a province is selected","duration":2,"failureMessages":[]},{"ancestorTitles":["","SpeciesRichness"],"fullName":" SpeciesRichness uses EE WWF zone data on mount when country is EE","status":"passed","title":"uses EE WWF zone data on mount when country is EE","duration":2,"failureMessages":[]},{"ancestorTitles":["","SpeciesRichness"],"fullName":" SpeciesRichness uses SHI zone values when SHI active trend is a zone trend","status":"passed","title":"uses SHI zone values when SHI active trend is a zone trend","duration":2,"failureMessages":[]},{"ancestorTitles":["","SpeciesRichness"],"fullName":" SpeciesRichness uses national SII data when no province is selected","status":"passed","title":"uses national SII data when no province is selected","duration":4,"failureMessages":[]},{"ancestorTitles":["","SpeciesRichness"],"fullName":" SpeciesRichness uses default province SPI data when trend is province and no zone branch is active","status":"passed","title":"uses default province SPI data when trend is province and no zone branch is active","duration":2,"failureMessages":[]},{"ancestorTitles":["","SpeciesRichness"],"fullName":" SpeciesRichness uses the Guyana special-case SPI fields when country data is not taxa-shaped","status":"passed","title":"uses the Guyana special-case SPI fields when country data is not taxa-shaped","duration":2,"failureMessages":[]},{"ancestorTitles":["","SpeciesRichness"],"fullName":" SpeciesRichness renders SHI national title when no province is selected","status":"passed","title":"renders SHI national title when no province is selected","duration":2,"failureMessages":[]},{"ancestorTitles":["","SpeciesRichness"],"fullName":" SpeciesRichness renders SII zone title branch when a zone trend and province are selected","status":"passed","title":"renders SII zone title branch when a zone trend and province are selected","duration":2,"failureMessages":[]},{"ancestorTitles":["","SpeciesRichness"],"fullName":" SpeciesRichness passes dark icon variants when light mode is enabled","status":"passed","title":"passes dark icon variants when light mode is enabled","duration":1,"failureMessages":[]}],"startTime":1779876596785,"endTime":1779876596830,"status":"passed","message":"","name":"/Users/cm2895/git/mol-half-earth/half-earth-v3/src/components/species-richness/index.test.jsx"},{"assertionResults":[{"ancestorTitles":["","SpeciesSearch"],"fullName":" SpeciesSearch filters species by scientific and common name through the index export","status":"passed","title":"filters species by scientific and common name through the index export","duration":26,"failureMessages":[]},{"ancestorTitles":["","SpeciesSearch"],"fullName":" SpeciesSearch selects a species result and stores the selected scientific name","status":"passed","title":"selects a species result and stores the selected scientific name","duration":29,"failureMessages":[]},{"ancestorTitles":["","SpeciesSearch"],"fullName":" SpeciesSearch resets region filters and explores all species","status":"passed","title":"resets region filters and explores all species","duration":4,"failureMessages":[]}],"startTime":1779876603546,"endTime":1779876603605,"status":"passed","message":"","name":"/Users/cm2895/git/mol-half-earth/half-earth-v3/src/components/species-search/index.test.jsx"},{"assertionResults":[{"ancestorTitles":["","ToggleLayerInfo"],"fullName":" ToggleLayerInfo uses tooltip data directly when available","status":"passed","title":"uses tooltip data directly when available","duration":33,"failureMessages":[]},{"ancestorTitles":["","ToggleLayerInfo"],"fullName":" ToggleLayerInfo returns hardcoded private point observation metadata","status":"passed","title":"returns hardcoded private point observation metadata","duration":6,"failureMessages":[]},{"ancestorTitles":["","ToggleLayerInfo"],"fullName":" ToggleLayerInfo loads private study metadata from the country-specific service","status":"passed","title":"loads private study metadata from the country-specific service","duration":56,"failureMessages":[]},{"ancestorTitles":["","ToggleLayerInfo"],"fullName":" ToggleLayerInfo fetches parent layer group metadata for expert range maps","status":"passed","title":"fetches parent layer group metadata for expert range maps","duration":55,"failureMessages":[]},{"ancestorTitles":["","ToggleLayerInfo"],"fullName":" ToggleLayerInfo fetches dataset metadata for regular layers","status":"passed","title":"fetches dataset metadata for regular layers","duration":55,"failureMessages":[]},{"ancestorTitles":["","ToggleLayerInfo"],"fullName":" ToggleLayerInfo loads private study metadata from COD service when country is not GIN","status":"passed","title":"loads private study metadata from COD service when country is not GIN","duration":55,"failureMessages":[]},{"ancestorTitles":["","ToggleLayerInfo"],"fullName":" ToggleLayerInfo uses custom habitat description content","status":"passed","title":"uses custom habitat description content","duration":3,"failureMessages":[]},{"ancestorTitles":["","ToggleLayerInfo"],"fullName":" ToggleLayerInfo uses custom protected areas content","status":"passed","title":"uses custom protected areas content","duration":2,"failureMessages":[]},{"ancestorTitles":["","ToggleLayerInfo"],"fullName":" ToggleLayerInfo uses custom administrative layers content","status":"passed","title":"uses custom administrative layers content","duration":3,"failureMessages":[]},{"ancestorTitles":["","ToggleLayerInfo"],"fullName":" ToggleLayerInfo fetches parent layer group metadata for point observations","status":"passed","title":"fetches parent layer group metadata for point observations","duration":55,"failureMessages":[]}],"startTime":1779876598482,"endTime":1779876598805,"status":"passed","message":"","name":"/Users/cm2895/git/mol-half-earth/half-earth-v3/src/components/toggle-layer-info/index.test.jsx"},{"assertionResults":[{"ancestorTitles":["","DashboardComponent"],"fullName":" DashboardComponent passes through props and wires onMapLoad with active layers","status":"passed","title":"passes through props and wires onMapLoad with active layers","duration":9,"failureMessages":[]}],"startTime":1779876613884,"endTime":1779876613893,"status":"passed","message":"","name":"/Users/cm2895/git/mol-half-earth/half-earth-v3/src/pages/dashboard/dashboard-component.test.jsx"},{"assertionResults":[{"ancestorTitles":["","SpiArcChart"],"fullName":" SpiArcChart renders species percentage scores and default chart sizing through the index export","status":"passed","title":"renders species percentage scores and default chart sizing through the index export","duration":18,"failureMessages":[]},{"ancestorTitles":["","SpiArcChart"],"fullName":" SpiArcChart uses the raw count when value is provided and forwards custom chart dimensions","status":"passed","title":"uses the raw count when value is provided and forwards custom chart dimensions","duration":3,"failureMessages":[]},{"ancestorTitles":["","SpiArcChart"],"fullName":" SpiArcChart renders the formatted global percent score when no species scores are provided","status":"passed","title":"renders the formatted global percent score when no species scores are provided","duration":3,"failureMessages":[]},{"ancestorTitles":["","SpiArcChart"],"fullName":" SpiArcChart falls back to zero for the global score when value is missing","status":"passed","title":"falls back to zero for the global score when value is missing","duration":2,"failureMessages":[]}],"startTime":1779876607154,"endTime":1779876607180,"status":"passed","message":"","name":"/Users/cm2895/git/mol-half-earth/half-earth-v3/src/components/charts/spi-arc-chart/index.test.jsx"},{"assertionResults":[{"ancestorTitles":["","DashboardSidebar"],"fullName":" DashboardSidebar resets region state on non-trends screens and toggles light mode","status":"passed","title":"resets region state on non-trends screens and toggles light mode","duration":22,"failureMessages":[]},{"ancestorTitles":["","DashboardSidebar"],"fullName":" DashboardSidebar does not clear region layers on trends and renders organization title for EE","status":"passed","title":"does not clear region layers on trends and renders organization title for EE","duration":2,"failureMessages":[]},{"ancestorTitles":["","DashboardSidebar"],"fullName":" DashboardSidebar renders each section component for every navigation tab","status":"passed","title":"renders each section component for every navigation tab","duration":14,"failureMessages":[]},{"ancestorTitles":["","DashboardSidebar"],"fullName":" DashboardSidebar handles all logo country variants","status":"passed","title":"handles all logo country variants","duration":6,"failureMessages":[]}],"startTime":1779876600306,"endTime":1779876600351,"status":"passed","message":"","name":"/Users/cm2895/git/mol-half-earth/half-earth-v3/src/containers/sidebars/dashboard-sidebar/dashboard-sidebar-component.test.jsx"},{"assertionResults":[{"ancestorTitles":["","DashboardTrendsSidebar"],"fullName":" DashboardTrendsSidebar toggles visibility for SPI, SHI and SII tabs","status":"passed","title":"toggles visibility for SPI, SHI and SII tabs","duration":21,"failureMessages":[]},{"ancestorTitles":["","DashboardTrendsSidebar"],"fullName":" DashboardTrendsSidebar clears legends for EE countries","status":"passed","title":"clears legends for EE countries","duration":2,"failureMessages":[]},{"ancestorTitles":["","DashboardTrendsSidebar"],"fullName":" DashboardTrendsSidebar hides GUY river layers on mount and restores on unmount","status":"passed","title":"hides GUY river layers on mount and restores on unmount","duration":2,"failureMessages":[]},{"ancestorTitles":["","DashboardTrendsSidebar"],"fullName":" DashboardTrendsSidebar renders the right tab panel","status":"passed","title":"renders the right tab panel","duration":5,"failureMessages":[]}],"startTime":1779876600898,"endTime":1779876600928,"status":"passed","message":"","name":"/Users/cm2895/git/mol-half-earth/half-earth-v3/src/containers/sidebars/dashboard-trends-sidebar/dashboard-trends-sidebar-component.test.jsx"},{"assertionResults":[{"ancestorTitles":["","DashboardViewComponent"],"fullName":" DashboardViewComponent passes map props through to core child components","status":"passed","title":"passes map props through to core child components","duration":20,"failureMessages":[]},{"ancestorTitles":["","DashboardViewComponent"],"fullName":" DashboardViewComponent shows map legend when legend layers exist and layer legend for region tab","status":"passed","title":"shows map legend when legend layers exist and layer legend for region tab","duration":4,"failureMessages":[]},{"ancestorTitles":["","DashboardViewComponent"],"fullName":" DashboardViewComponent wires sidebar callbacks for modal, loading, upload popup, hover, region highlight and snackbar","status":"passed","title":"wires sidebar callbacks for modal, loading, upload popup, hover, region highlight and snackbar","duration":24,"failureMessages":[]},{"ancestorTitles":["","DashboardViewComponent"],"fullName":" DashboardViewComponent parses geojson uploads and truncates to the first feature","status":"passed","title":"parses geojson uploads and truncates to the first feature","duration":5,"failureMessages":[]},{"ancestorTitles":["","DashboardViewComponent"],"fullName":" DashboardViewComponent parses shapefile uploads and truncates to the first feature","status":"passed","title":"parses shapefile uploads and truncates to the first feature","duration":56,"failureMessages":[]},{"ancestorTitles":["","DashboardViewComponent"],"fullName":" DashboardViewComponent handles popup close button and upload overlay keydown handlers","status":"passed","title":"handles popup close button and upload overlay keydown handlers","duration":6,"failureMessages":[]},{"ancestorTitles":["","DashboardViewComponent"],"fullName":" DashboardViewComponent switches EE trends to MEX defaults and skips layer legend outside target tabs","status":"passed","title":"switches EE trends to MEX defaults and skips layer legend outside target tabs","duration":2,"failureMessages":[]}],"startTime":1779876597600,"endTime":1779876597717,"status":"passed","message":"","name":"/Users/cm2895/git/mol-half-earth/half-earth-v3/src/containers/views/dashboard-view/dashboard-view-component.test.jsx"},{"assertionResults":[{"ancestorTitles":["","DashboardView container"],"fullName":" DashboardView container renders component with all props","status":"passed","title":"renders component with all props","duration":14,"failureMessages":[]}],"startTime":1779876617541,"endTime":1779876617555,"status":"passed","message":"","name":"/Users/cm2895/git/mol-half-earth/half-earth-v3/src/containers/views/dashboard-view/dashboard-view.test.jsx"},{"assertionResults":[{"ancestorTitles":["","BioDiversityComponent"],"fullName":" BioDiversityComponent renders loading state, handles back, and switches between habitat and protection states","status":"passed","title":"renders loading state, handles back, and switches between habitat and protection states","duration":48,"failureMessages":[]},{"ancestorTitles":["","BioDiversityComponent"],"fullName":" BioDiversityComponent goes back to explore species when a region is selected and hides habitat tab for zero habitat score","status":"passed","title":"goes back to explore species when a region is selected and hides habitat tab for zero habitat score","duration":7,"failureMessages":[]}],"startTime":1779876601648,"endTime":1779876601703,"status":"passed","message":"","name":"/Users/cm2895/git/mol-half-earth/half-earth-v3/src/containers/sidebars/dashboard-sidebar/biodiversity-indicators/biodiversity-indicators-component.test.jsx"},{"assertionResults":[{"ancestorTitles":["","DataLayerComponent"],"fullName":" DataLayerComponent renders the fallback species search when species info is missing","status":"passed","title":"renders the fallback species search when species info is missing","duration":33,"failureMessages":[]},{"ancestorTitles":["","DataLayerComponent"],"fullName":" DataLayerComponent groups public data and injects Guyana-specific region layers","status":"passed","title":"groups public data and injects Guyana-specific region layers","duration":14,"failureMessages":[]},{"ancestorTitles":["","DataLayerComponent"],"fullName":" DataLayerComponent shows the habitat chart when habitat data exists and the grouped list enables it","status":"passed","title":"shows the habitat chart when habitat data exists and the grouped list enables it","duration":14,"failureMessages":[]},{"ancestorTitles":["","DataLayerComponent"],"fullName":" DataLayerComponent clears local state and returns to trends when back is clicked from trends","status":"passed","title":"clears local state and returns to trends when back is clicked from trends","duration":10,"failureMessages":[]},{"ancestorTitles":["","DataLayerComponent"],"fullName":" DataLayerComponent submits feedback and resets the modal state on success","status":"passed","title":"submits feedback and resets the modal state on success","duration":25,"failureMessages":[]},{"ancestorTitles":["","DataLayerComponent"],"fullName":" DataLayerComponent shows an error snackbar when feedback submission fails","status":"passed","title":"shows an error snackbar when feedback submission fails","duration":63,"failureMessages":[]},{"ancestorTitles":["","DataLayerComponent"],"fullName":" DataLayerComponent goes back to explore species when a region is selected","status":"passed","title":"goes back to explore species when a region is selected","duration":8,"failureMessages":[]},{"ancestorTitles":["","DataLayerComponent"],"fullName":" DataLayerComponent uses the fallback data series path when trend_data is absent","status":"passed","title":"uses the fallback data series path when trend_data is absent","duration":11,"failureMessages":[]},{"ancestorTitles":["","DataLayerComponent"],"fullName":" DataLayerComponent renders Peru-specific feedback labels and closes the modal on cancel","status":"passed","title":"renders Peru-specific feedback labels and closes the modal on cancel","duration":11,"failureMessages":[]},{"ancestorTitles":["","DataLayerComponent"],"fullName":" DataLayerComponent renders Peru-specific land pressure headings and private occurrence data","status":"passed","title":"renders Peru-specific land pressure headings and private occurrence data","duration":8,"failureMessages":[]},{"ancestorTitles":["","DataLayerComponent"],"fullName":" DataLayerComponent adds EE intervention layers to the regions grouped list","status":"passed","title":"adds EE intervention layers to the regions grouped list","duration":6,"failureMessages":[]},{"ancestorTitles":["","DataLayerComponent"],"fullName":" DataLayerComponent adds an expert range child from habitat data when public layer data is empty","status":"passed","title":"adds an expert range child from habitat data when public layer data is empty","duration":8,"failureMessages":[]}],"startTime":1779876596814,"endTime":1779876597025,"status":"passed","message":"","name":"/Users/cm2895/git/mol-half-earth/half-earth-v3/src/containers/sidebars/dashboard-sidebar/data-layers/data-layers-component.test.jsx"},{"assertionResults":[{"ancestorTitles":["","DashboardHomeComponent"],"fullName":" DashboardHomeComponent renders content and routes clicks to section ids","status":"passed","title":"renders content and routes clicks to section ids","duration":23,"failureMessages":[]},{"ancestorTitles":["","DashboardHomeComponent"],"fullName":" DashboardHomeComponent renders in dark mode context as well","status":"passed","title":"renders in dark mode context as well","duration":4,"failureMessages":[]}],"startTime":1779876612203,"endTime":1779876612230,"status":"passed","message":"","name":"/Users/cm2895/git/mol-half-earth/half-earth-v3/src/containers/sidebars/dashboard-sidebar/dashboard-home/dashboard-home-component.test.jsx"},{"assertionResults":[{"ancestorTitles":["","PlanningComponent"],"fullName":" PlanningComponent renders planning options and forwards checkbox and slider changes","status":"passed","title":"renders planning options and forwards checkbox and slider changes","duration":26,"failureMessages":[]},{"ancestorTitles":["","PlanningComponent"],"fullName":" PlanningComponent does not render option sliders when no options are checked","status":"passed","title":"does not render option sliders when no options are checked","duration":20,"failureMessages":[]}],"startTime":1779876607688,"endTime":1779876607734,"status":"passed","message":"","name":"/Users/cm2895/git/mol-half-earth/half-earth-v3/src/containers/sidebars/dashboard-sidebar/planning/planning-component.test.jsx"},{"assertionResults":[{"ancestorTitles":["","RegionsAnalysisComponent"],"fullName":" RegionsAnalysisComponent builds warning messages with localized content","status":"passed","title":"builds warning messages with localized content","duration":15,"failureMessages":[]},{"ancestorTitles":["","RegionsAnalysisComponent"],"fullName":" RegionsAnalysisComponent sets the default region and fetches saved custom areas on mount","status":"passed","title":"sets the default region and fetches saved custom areas on mount","duration":19,"failureMessages":[]},{"ancestorTitles":["","RegionsAnalysisComponent"],"fullName":" RegionsAnalysisComponent defaults to dissolved NBS for EE and loads that layer on mount","status":"passed","title":"defaults to dissolved NBS for EE and loads that layer on mount","duration":54,"failureMessages":[]},{"ancestorTitles":["","RegionsAnalysisComponent"],"fullName":" RegionsAnalysisComponent activates draw mode from the custom area button","status":"passed","title":"activates draw mode from the custom area button","duration":10,"failureMessages":[]},{"ancestorTitles":["","RegionsAnalysisComponent"],"fullName":" RegionsAnalysisComponent loads an uploaded shapefile into explore species flow","status":"passed","title":"loads an uploaded shapefile into explore species flow","duration":6,"failureMessages":[]},{"ancestorTitles":["","RegionsAnalysisComponent"],"fullName":" RegionsAnalysisComponent loads a saved custom area into explore species flow","status":"passed","title":"loads a saved custom area into explore species flow","duration":12,"failureMessages":[]},{"ancestorTitles":["","RegionsAnalysisComponent"],"fullName":" RegionsAnalysisComponent deletes a saved custom area after confirmation","status":"passed","title":"deletes a saved custom area after confirmation","duration":36,"failureMessages":[]},{"ancestorTitles":["","RegionsAnalysisComponent"],"fullName":" RegionsAnalysisComponent renders COD forest titles and opens the upload flow button","status":"passed","title":"renders COD forest titles and opens the upload flow button","duration":5,"failureMessages":[]},{"ancestorTitles":["","RegionsAnalysisComponent"],"fullName":" RegionsAnalysisComponent toggles hover mode and renders draw helpers when draw mode is active","status":"passed","title":"toggles hover mode and renders draw helpers when draw mode is active","duration":7,"failureMessages":[]},{"ancestorTitles":["","RegionsAnalysisComponent"],"fullName":" RegionsAnalysisComponent uses the existing selected region on mount and renders Peru explore-mode copy","status":"passed","title":"uses the existing selected region on mount and renders Peru explore-mode copy","duration":3,"failureMessages":[]},{"ancestorTitles":["","RegionsAnalysisComponent"],"fullName":" RegionsAnalysisComponent renders Guyana corridor options for GUY-FM","status":"passed","title":"renders Guyana corridor options for GUY-FM","duration":5,"failureMessages":[]},{"ancestorTitles":["","RegionsAnalysisComponent"],"fullName":" RegionsAnalysisComponent switches to ACC and rapid inventory region layers for GUY-FM","status":"passed","title":"switches to ACC and rapid inventory region layers for GUY-FM","duration":4,"failureMessages":[]},{"ancestorTitles":["","RegionsAnalysisComponent"],"fullName":" RegionsAnalysisComponent switches to forest titles when the COD forest option is selected","status":"passed","title":"switches to forest titles when the COD forest option is selected","duration":4,"failureMessages":[]}],"startTime":1779876596049,"endTime":1779876596229,"status":"passed","message":"","name":"/Users/cm2895/git/mol-half-earth/half-earth-v3/src/containers/sidebars/dashboard-sidebar/regions-analysis/regions-analysis-component.test.jsx"},{"assertionResults":[{"ancestorTitles":["","SpeciesHomeComponent"],"fullName":" SpeciesHomeComponent renders search and selects a priority species","status":"passed","title":"renders search and selects a priority species","duration":42,"failureMessages":[]},{"ancestorTitles":["","SpeciesHomeComponent"],"fullName":" SpeciesHomeComponent renders without popular species when the list is empty","status":"passed","title":"renders without popular species when the list is empty","duration":2,"failureMessages":[]},{"ancestorTitles":["","SpeciesHomeComponent"],"fullName":" SpeciesHomeComponent falls back to the english common name when the local name is missing","status":"passed","title":"falls back to the english common name when the local name is missing","duration":8,"failureMessages":[]}],"startTime":1779876606583,"endTime":1779876606635,"status":"passed","message":"","name":"/Users/cm2895/git/mol-half-earth/half-earth-v3/src/containers/sidebars/dashboard-sidebar/species-home/species-home-component.test.jsx"},{"assertionResults":[{"ancestorTitles":["","SpeciesInfoComponent"],"fullName":" SpeciesInfoComponent renders species metadata and expands long localized content","status":"passed","title":"renders species metadata and expands long localized content","duration":47,"failureMessages":[]},{"ancestorTitles":["","SpeciesInfoComponent"],"fullName":" SpeciesInfoComponent covers image overrides, fallback content language, and hides the show more button for short text","status":"passed","title":"covers image overrides, fallback content language, and hides the show more button for short text","duration":11,"failureMessages":[]}],"startTime":1779876600849,"endTime":1779876600907,"status":"passed","message":"","name":"/Users/cm2895/git/mol-half-earth/half-earth-v3/src/containers/sidebars/dashboard-sidebar/species-info/species-info-component.test.jsx"},{"assertionResults":[{"ancestorTitles":["","ShiComponent"],"fullName":" ShiComponent hides score distributions for EE without a clicked region","status":"passed","title":"hides score distributions for EE without a clicked region","duration":14,"failureMessages":[]},{"ancestorTitles":["","ShiComponent"],"fullName":" ShiComponent shows score distributions for non-EE countries and clicked EE regions","status":"passed","title":"shows score distributions for non-EE countries and clicked EE regions","duration":2,"failureMessages":[]}],"startTime":1779876614462,"endTime":1779876614478,"status":"passed","message":"","name":"/Users/cm2895/git/mol-half-earth/half-earth-v3/src/containers/sidebars/dashboard-trends-sidebar/shi/shi-component.test.jsx"},{"assertionResults":[{"ancestorTitles":["","SiiComponent"],"fullName":" SiiComponent always renders temporal trends and score distributions","status":"passed","title":"always renders temporal trends and score distributions","duration":13,"failureMessages":[]}],"startTime":1779877936561,"endTime":1779877936574,"status":"passed","message":"","name":"/Users/cm2895/git/mol-half-earth/half-earth-v3/src/containers/sidebars/dashboard-trends-sidebar/sii/sii-component.test.jsx"},{"assertionResults":[{"ancestorTitles":["","SpiComponent"],"fullName":" SpiComponent hides score distributions for EE without a clicked region","status":"passed","title":"hides score distributions for EE without a clicked region","duration":14,"failureMessages":[]},{"ancestorTitles":["","SpiComponent"],"fullName":" SpiComponent shows score distributions for non-EE countries and clicked EE regions","status":"passed","title":"shows score distributions for non-EE countries and clicked EE regions","duration":3,"failureMessages":[]}],"startTime":1779876614979,"endTime":1779876614996,"status":"passed","message":"","name":"/Users/cm2895/git/mol-half-earth/half-earth-v3/src/containers/sidebars/dashboard-trends-sidebar/spi/spi-component.test.jsx"},{"assertionResults":[{"ancestorTitles":["","SpeciesFilterComponent"],"fullName":" SpeciesFilterComponent clears the selected region workflow when back is clicked","status":"passed","title":"clears the selected region workflow when back is clicked","duration":24,"failureMessages":[]},{"ancestorTitles":["","SpeciesFilterComponent"],"fullName":" SpeciesFilterComponent loads the protected areas layer on mount","status":"passed","title":"loads the protected areas layer on mount","duration":53,"failureMessages":[]},{"ancestorTitles":["","SpeciesFilterComponent"],"fullName":" SpeciesFilterComponent creates a custom-area graphic and zooms when a drawn region is selected","status":"passed","title":"creates a custom-area graphic and zooms when a drawn region is selected","duration":3,"failureMessages":[]},{"ancestorTitles":["","SpeciesFilterComponent"],"fullName":" SpeciesFilterComponent saves a drawn custom area through the modal flow","status":"passed","title":"saves a drawn custom area through the modal flow","duration":30,"failureMessages":[]},{"ancestorTitles":["","SpeciesFilterComponent"],"fullName":" SpeciesFilterComponent adds a new custom-area overlay when geometry changes in draw mode","status":"passed","title":"adds a new custom-area overlay when geometry changes in draw mode","duration":2,"failureMessages":[]},{"ancestorTitles":["","SpeciesFilterComponent"],"fullName":" SpeciesFilterComponent wires filter toggles back into parent state","status":"passed","title":"wires filter toggles back into parent state","duration":4,"failureMessages":[]},{"ancestorTitles":["","SpeciesFilterComponent"],"fullName":" SpeciesFilterComponent evaluates every filter predicate for matching and non-matching species data","status":"passed","title":"evaluates every filter predicate for matching and non-matching species data","duration":2,"failureMessages":[]},{"ancestorTitles":["","SpeciesFilterComponent"],"fullName":" SpeciesFilterComponent loads province and indigenous layers for province browsing","status":"passed","title":"loads province and indigenous layers for province browsing","duration":53,"failureMessages":[]},{"ancestorTitles":["","SpeciesFilterComponent"],"fullName":" SpeciesFilterComponent renders Peru-specific save modal copy for drawn areas","status":"passed","title":"renders Peru-specific save modal copy for drawn areas","duration":4,"failureMessages":[]}],"startTime":1779876598306,"endTime":1779876598481,"status":"passed","message":"","name":"/Users/cm2895/git/mol-half-earth/half-earth-v3/src/containers/sidebars/dashboard-sidebar/species-filter/species-filter-component.test.jsx"},{"assertionResults":[{"ancestorTitles":["","TutorialsComponent"],"fullName":" TutorialsComponent renders sections and jumps to a section button target","status":"passed","title":"renders sections and jumps to a section button target","duration":49,"failureMessages":[]},{"ancestorTitles":["","TutorialsComponent"],"fullName":" TutorialsComponent renders all jump targets, including indicators","status":"passed","title":"renders all jump targets, including indicators","duration":66,"failureMessages":[]}],"startTime":1779876604137,"endTime":1779876604252,"status":"passed","message":"","name":"/Users/cm2895/git/mol-half-earth/half-earth-v3/src/containers/sidebars/dashboard-sidebar/tutorials/tutorials-component.test.jsx"},{"assertionResults":[{"ancestorTitles":["","ProtectionComponent"],"fullName":" ProtectionComponent renders protection comparison controls, chart, and table interactions","status":"passed","title":"renders protection comparison controls, chart, and table interactions","duration":43,"failureMessages":[]},{"ancestorTitles":["","ProtectionComponent"],"fullName":" ProtectionComponent renders the EE region legend branch without the selected country chip","status":"passed","title":"renders the EE region legend branch without the selected country chip","duration":4,"failureMessages":[]},{"ancestorTitles":["","ProtectionComponent"],"fullName":" ProtectionComponent renders the EE comparison legend and region table header when a region is selected","status":"passed","title":"renders the EE comparison legend and region table header when a region is selected","duration":5,"failureMessages":[]}],"startTime":1779876602372,"endTime":1779876602424,"status":"passed","message":"","name":"/Users/cm2895/git/mol-half-earth/half-earth-v3/src/containers/sidebars/dashboard-sidebar/biodiversity-indicators/protection/protection-component.test.jsx"},{"assertionResults":[{"ancestorTitles":["","HabitatComponent"],"fullName":" HabitatComponent renders comparison controls, chart, and table interactions","status":"passed","title":"renders comparison controls, chart, and table interactions","duration":86,"failureMessages":[]},{"ancestorTitles":["","HabitatComponent"],"fullName":" HabitatComponent renders the EE region legend branch without a comparison country chip","status":"passed","title":"renders the EE region legend branch without a comparison country chip","duration":6,"failureMessages":[]},{"ancestorTitles":["","HabitatComponent"],"fullName":" HabitatComponent renders the EE comparison legend and region table header when a region is selected","status":"passed","title":"renders the EE comparison legend and region table header when a region is selected","duration":5,"failureMessages":[]}],"startTime":1779876602800,"endTime":1779876602897,"status":"passed","message":"","name":"/Users/cm2895/git/mol-half-earth/half-earth-v3/src/containers/sidebars/dashboard-sidebar/biodiversity-indicators/habitat/habitat-component.test.jsx"},{"assertionResults":[{"ancestorTitles":["","GroupedListComponent"],"fullName":" GroupedListComponent toggles children visibility and marks parent checkbox indeterminate","status":"passed","title":"toggles children visibility and marks parent checkbox indeterminate","duration":104,"failureMessages":[]},{"ancestorTitles":["","GroupedListComponent"],"fullName":" GroupedListComponent adds and removes expert range layers","status":"passed","title":"adds and removes expert range layers","duration":60,"failureMessages":[]},{"ancestorTitles":["","GroupedListComponent"],"fullName":" GroupedListComponent toggles habitat layer and enables habitat chart when loading completes","status":"passed","title":"toggles habitat layer and enables habitat chart when loading completes","duration":54,"failureMessages":[]},{"ancestorTitles":["","GroupedListComponent"],"fullName":" GroupedListComponent creates a vector tile layer for public point observations","status":"passed","title":"creates a vector tile layer for public point observations","duration":54,"failureMessages":[]},{"ancestorTitles":["","GroupedListComponent"],"fullName":" GroupedListComponent uses the private occurrence service for private datasets","status":"passed","title":"uses the private occurrence service for private datasets","duration":3,"failureMessages":[]},{"ancestorTitles":["","GroupedListComponent"],"fullName":" GroupedListComponent auto-activates prediction maps when requested","status":"passed","title":"auto-activates prediction maps when requested","duration":1,"failureMessages":[]},{"ancestorTitles":["","GroupedListComponent"],"fullName":" GroupedListComponent supports the Peru prediction-map effect label branch","status":"passed","title":"supports the Peru prediction-map effect label branch","duration":2,"failureMessages":[]},{"ancestorTitles":["","GroupedListComponent"],"fullName":" GroupedListComponent does not activate defaults when map data is missing","status":"passed","title":"does not activate defaults when map data is missing","duration":2,"failureMessages":[]},{"ancestorTitles":["","GroupedListComponent"],"fullName":" GroupedListComponent does not activate defaults when the map is unavailable","status":"passed","title":"does not activate defaults when the map is unavailable","duration":2,"failureMessages":[]},{"ancestorTitles":["","GroupedListComponent"],"fullName":" GroupedListComponent adds regional checklist layers and map sources","status":"passed","title":"adds regional checklist layers and map sources","duration":54,"failureMessages":[]},{"ancestorTitles":["","GroupedListComponent"],"fullName":" GroupedListComponent activates default checked layers when map data arrives","status":"passed","title":"activates default checked layers when map data arrives","duration":2,"failureMessages":[]}],"startTime":1779876595699,"endTime":1779876596037,"status":"passed","message":"","name":"/Users/cm2895/git/mol-half-earth/half-earth-v3/src/containers/sidebars/dashboard-sidebar/data-layers/grouped-list/grouped-list-component.test.jsx"},{"assertionResults":[{"ancestorTitles":["","ScoreDistributionsShiComponent"],"fullName":" ScoreDistributionsShiComponent renders score distributions and allows selecting a highlighted species","status":"passed","title":"renders score distributions and allows selecting a highlighted species","duration":28,"failureMessages":[]}],"startTime":1779876602256,"endTime":1779876602284,"status":"passed","message":"","name":"/Users/cm2895/git/mol-half-earth/half-earth-v3/src/containers/sidebars/dashboard-trends-sidebar/shi/score-distributions/score-distributions-shi-component.test.jsx"},{"assertionResults":[{"ancestorTitles":["","ScoreDistributionsSiiComponent"],"fullName":" ScoreDistributionsSiiComponent renders species highlights and allows selecting a highlighted species","status":"passed","title":"renders species highlights and allows selecting a highlighted species","duration":27,"failureMessages":[]}],"startTime":1779876605414,"endTime":1779876605441,"status":"passed","message":"","name":"/Users/cm2895/git/mol-half-earth/half-earth-v3/src/containers/sidebars/dashboard-trends-sidebar/sii/score-distributions/score-distributions-sii-component.test.jsx"},{"assertionResults":[{"ancestorTitles":["","TemporalTrendsShiComponent"],"fullName":" TemporalTrendsShiComponent renders national content for regular countries and handles province toggle","status":"passed","title":"renders national content for regular countries and handles province toggle","duration":23,"failureMessages":[]},{"ancestorTitles":["","TemporalTrendsShiComponent"],"fullName":" TemporalTrendsShiComponent renders zone controls for GUY-FM and zone charts for selected zones","status":"passed","title":"renders zone controls for GUY-FM and zone charts for selected zones","duration":4,"failureMessages":[]},{"ancestorTitles":["","TemporalTrendsShiComponent"],"fullName":" TemporalTrendsShiComponent handles EE clicked regions and map navigation for region and global buttons","status":"passed","title":"handles EE clicked regions and map navigation for region and global buttons","duration":56,"failureMessages":[]},{"ancestorTitles":["","TemporalTrendsShiComponent"],"fullName":" TemporalTrendsShiComponent forces COD to national trend on mount and renders province chart branch","status":"passed","title":"forces COD to national trend on mount and renders province chart branch","duration":3,"failureMessages":[]}],"startTime":1779876600224,"endTime":1779876600310,"status":"passed","message":"","name":"/Users/cm2895/git/mol-half-earth/half-earth-v3/src/containers/sidebars/dashboard-trends-sidebar/shi/temporal-trends/temporal-trends-shi-component.test.jsx"},{"assertionResults":[{"ancestorTitles":["","TemporalTrendsSiiComponent"],"fullName":" TemporalTrendsSiiComponent renders national description and national chart for the default trend","status":"passed","title":"renders national description and national chart for the default trend","duration":21,"failureMessages":[]},{"ancestorTitles":["","TemporalTrendsSiiComponent"],"fullName":" TemporalTrendsSiiComponent renders province chart branch and handles trend toggle","status":"passed","title":"renders province chart branch and handles trend toggle","duration":6,"failureMessages":[]},{"ancestorTitles":["","TemporalTrendsSiiComponent"],"fullName":" TemporalTrendsSiiComponent omits non-EE controls for EE countries","status":"passed","title":"omits non-EE controls for EE countries","duration":1,"failureMessages":[]}],"startTime":1779876605953,"endTime":1779876605981,"status":"passed","message":"","name":"/Users/cm2895/git/mol-half-earth/half-earth-v3/src/containers/sidebars/dashboard-trends-sidebar/sii/temporal-trends/temporal-trends-sii-component.test.jsx"},{"assertionResults":[{"ancestorTitles":["","TemporalTrendsSpiComponent"],"fullName":" TemporalTrendsSpiComponent renders national content and province table toggles for non-EE countries","status":"passed","title":"renders national content and province table toggles for non-EE countries","duration":26,"failureMessages":[]},{"ancestorTitles":["","TemporalTrendsSpiComponent"],"fullName":" TemporalTrendsSpiComponent renders zone chart for GUY-FM branch","status":"passed","title":"renders zone chart for GUY-FM branch","duration":4,"failureMessages":[]},{"ancestorTitles":["","TemporalTrendsSpiComponent"],"fullName":" TemporalTrendsSpiComponent handles EE clicked regions and map navigation buttons","status":"passed","title":"handles EE clicked regions and map navigation buttons","duration":54,"failureMessages":[]},{"ancestorTitles":["","TemporalTrendsSpiComponent"],"fullName":" TemporalTrendsSpiComponent renders national chart branch with filtered country data","status":"passed","title":"renders national chart branch with filtered country data","duration":3,"failureMessages":[]}],"startTime":1779876599548,"endTime":1779876599635,"status":"passed","message":"","name":"/Users/cm2895/git/mol-half-earth/half-earth-v3/src/containers/sidebars/dashboard-trends-sidebar/spi/temporal-trends/temporal-trends-spi-component.test.jsx"},{"assertionResults":[{"ancestorTitles":["","ScoreDistributionsSpiComponent"],"fullName":" ScoreDistributionsSpiComponent renders SPI score distributions and allows selecting a highlighted species","status":"passed","title":"renders SPI score distributions and allows selecting a highlighted species","duration":26,"failureMessages":[]}],"startTime":1779876604786,"endTime":1779876604812,"status":"passed","message":"","name":"/Users/cm2895/git/mol-half-earth/half-earth-v3/src/containers/sidebars/dashboard-trends-sidebar/spi/score-distibutions/score-distributions-spi-component.test.jsx"},{"assertionResults":[{"ancestorTitles":["","IndicatorsSectionComponent"],"fullName":" IndicatorsSectionComponent renders indicator tutorial sections and images","status":"passed","title":"renders indicator tutorial sections and images","duration":48,"failureMessages":[]},{"ancestorTitles":["","IndicatorsSectionComponent"],"fullName":" IndicatorsSectionComponent renders all indicator tutorial images in light mode","status":"passed","title":"renders all indicator tutorial images in light mode","duration":6,"failureMessages":[]}],"startTime":1779876609338,"endTime":1779876609392,"status":"passed","message":"","name":"/Users/cm2895/git/mol-half-earth/half-earth-v3/src/containers/sidebars/dashboard-sidebar/tutorials/sections/indicators-section-component.test.jsx"},{"assertionResults":[{"ancestorTitles":["","RegionsSectionComponent"],"fullName":" RegionsSectionComponent renders region tutorial content","status":"passed","title":"renders region tutorial content","duration":32,"failureMessages":[]},{"ancestorTitles":["","RegionsSectionComponent"],"fullName":" RegionsSectionComponent renders the same tutorial assets in light mode","status":"passed","title":"renders the same tutorial assets in light mode","duration":3,"failureMessages":[]}],"startTime":1779876612739,"endTime":1779876612775,"status":"passed","message":"","name":"/Users/cm2895/git/mol-half-earth/half-earth-v3/src/containers/sidebars/dashboard-sidebar/tutorials/sections/regions-section-component.test.jsx"},{"assertionResults":[{"ancestorTitles":["","SpeciesSectionComponent"],"fullName":" SpeciesSectionComponent renders the species tutorial content","status":"passed","title":"renders the species tutorial content","duration":37,"failureMessages":[]},{"ancestorTitles":["","SpeciesSectionComponent"],"fullName":" SpeciesSectionComponent renders under light mode without changing the tutorial structure","status":"passed","title":"renders under light mode without changing the tutorial structure","duration":7,"failureMessages":[]}],"startTime":1779876609926,"endTime":1779876609970,"status":"passed","message":"","name":"/Users/cm2895/git/mol-half-earth/half-earth-v3/src/containers/sidebars/dashboard-sidebar/tutorials/sections/species-section-component.test.jsx"},{"assertionResults":[{"ancestorTitles":["","DistributionsTableComponent"],"fullName":" DistributionsTableComponent renders distribution rows and headers","status":"passed","title":"renders distribution rows and headers","duration":24,"failureMessages":[]}],"startTime":1779876613306,"endTime":1779876613330,"status":"passed","message":"","name":"/Users/cm2895/git/mol-half-earth/half-earth-v3/src/containers/sidebars/dashboard-trends-sidebar/shi/score-distributions/distributions-table/distributions-table-component.test.jsx"},{"assertionResults":[{"ancestorTitles":["","NationalChartComponent"],"fullName":" NationalChartComponent renders national SHI chart data and summary values","status":"passed","title":"renders national SHI chart data and summary values","duration":23,"failureMessages":[]}],"startTime":1779876608253,"endTime":1779876608276,"status":"passed","message":"","name":"/Users/cm2895/git/mol-half-earth/half-earth-v3/src/containers/sidebars/dashboard-trends-sidebar/shi/temporal-trends/national-chart/national-chart-component.test.jsx"},{"assertionResults":[{"ancestorTitles":["","Shi ZoneChartComponent"],"fullName":" Shi ZoneChartComponent renders a zone chart and updates selected province from clicked region","status":"passed","title":"renders a zone chart and updates selected province from clicked region","duration":18,"failureMessages":[]}],"startTime":1779876610482,"endTime":1779876610500,"status":"passed","message":"","name":"/Users/cm2895/git/mol-half-earth/half-earth-v3/src/containers/sidebars/dashboard-trends-sidebar/shi/temporal-trends/zone-chart/zone-chart-component.test.jsx"},{"assertionResults":[{"ancestorTitles":["","Sii NationalChartComponent"],"fullName":" Sii NationalChartComponent renders SII national trend summary and line chart","status":"passed","title":"renders SII national trend summary and line chart","duration":21,"failureMessages":[]}],"startTime":1779876611012,"endTime":1779876611033,"status":"passed","message":"","name":"/Users/cm2895/git/mol-half-earth/half-earth-v3/src/containers/sidebars/dashboard-trends-sidebar/sii/temporal-trends/national-chart/national-chart-component.test.jsx"},{"assertionResults":[{"ancestorTitles":["","Shi ProvinceChartComponent"],"fullName":" Shi ProvinceChartComponent renders province summary and line chart for non-bubble countries","status":"pending","title":"renders province summary and line chart for non-bubble countries","failureMessages":[]}],"startTime":1779876594364,"endTime":1779876594364,"status":"passed","message":"","name":"/Users/cm2895/git/mol-half-earth/half-earth-v3/src/containers/sidebars/dashboard-trends-sidebar/shi/temporal-trends/province-chart/province-chart-component.test.jsx"},{"assertionResults":[{"ancestorTitles":["","Sii ProvinceChartComponent"],"fullName":" Sii ProvinceChartComponent renders province ranking summary and line chart","status":"passed","title":"renders province ranking summary and line chart","duration":30,"failureMessages":[]}],"startTime":1779876603437,"endTime":1779876603467,"status":"passed","message":"","name":"/Users/cm2895/git/mol-half-earth/half-earth-v3/src/containers/sidebars/dashboard-trends-sidebar/sii/temporal-trends/province-chart/province-chart-component.test.jsx"},{"assertionResults":[{"ancestorTitles":["","Spi ProvinceChartComponent"],"fullName":" Spi ProvinceChartComponent renders province ranking summary and line chart for non-bubble countries","status":"passed","title":"renders province ranking summary and line chart for non-bubble countries","duration":30,"failureMessages":[]}],"startTime":1779876602997,"endTime":1779876603027,"status":"passed","message":"","name":"/Users/cm2895/git/mol-half-earth/half-earth-v3/src/containers/sidebars/dashboard-trends-sidebar/spi/temporal-trends/province-chart/province-chart-component.test.jsx"},{"assertionResults":[{"ancestorTitles":["","TemporalTrendsSpiNationalChartComponent"],"fullName":" TemporalTrendsSpiNationalChartComponent renders SPI national trend summary and line chart","status":"passed","title":"renders SPI national trend summary and line chart","duration":21,"failureMessages":[]}],"startTime":1779876608797,"endTime":1779876608818,"status":"passed","message":"","name":"/Users/cm2895/git/mol-half-earth/half-earth-v3/src/containers/sidebars/dashboard-trends-sidebar/spi/temporal-trends/national-chart/national-chart-component.test.jsx"},{"assertionResults":[{"ancestorTitles":["","TrendTableComponent"],"fullName":" TrendTableComponent renders latest province year rows","status":"passed","title":"renders latest province year rows","duration":22,"failureMessages":[]}],"startTime":1779876615546,"endTime":1779876615568,"status":"passed","message":"","name":"/Users/cm2895/git/mol-half-earth/half-earth-v3/src/containers/sidebars/dashboard-trends-sidebar/spi/temporal-trends/trend-table/trend-table-component.test.jsx"},{"assertionResults":[{"ancestorTitles":["","Spi ZoneChartComponent"],"fullName":" Spi ZoneChartComponent renders a zone chart and updates selected province from clicked region","status":"passed","title":"renders a zone chart and updates selected province from clicked region","duration":17,"failureMessages":[]}],"startTime":1779876611540,"endTime":1779876611557,"status":"passed","message":"","name":"/Users/cm2895/git/mol-half-earth/half-earth-v3/src/containers/sidebars/dashboard-trends-sidebar/spi/temporal-trends/zone-chart/zone-chart-component.test.jsx"}]}